<?xml version="1.0" encoding="UTF-8"?>
<!-- Generated by org.testng.reporters.JUnitXMLReporter -->
<testsuite ignored="0" hostname="AMAL-NA433" failures="1" tests="8" name="Surefire test" time="43.996" errors="0" timestamp="2026-02-22T12:34:56 IST">
  <testcase classname="bikes.BajajTest" name="launch" time="4.958"/>
  <testcase classname="bikes.KawasakiTest" name="launch" time="4.632"/>
  <testcase classname="bikes.YamahaTest" name="launch" time="13.176"/>
  <testcase classname="cars.AudiTest" name="launch" time="5.243"/>
  <testcase classname="cars.FerrariTest" name="launch" time="3.856"/>
  <testcase classname="cars.LamborghiniTest" name="launch" time="9.486"/>
  <testcase classname="demo.MavenParameterTest" name="launch" time="2.611">
    <failure type="java.lang.NullPointerException">
      <![CDATA[java.lang.NullPointerException
at java.base/java.util.Objects.requireNonNull(Objects.java:233)
at java.base/java.util.ImmutableCollections$Map1.<init>(ImmutableCollections.java:1112)
at java.base/java.util.Map.of(Map.java:1365)
at org.openqa.selenium.remote.DriverCommand.GET(DriverCommand.java:180)
at org.openqa.selenium.remote.RemoteWebDriver.get(RemoteWebDriver.java:301)
at demo.MavenParameterTest.launch(MavenParameterTest.java:23)
at java.base/java.util.ArrayList.forEach(ArrayList.java:1596)
... Removed 30 stack frames]]>
    </failure>
  </testcase> <!-- launch -->
  <testcase classname="demo.SampleTest" name="launch" time="0.002"/>
</testsuite> <!-- Surefire test -->
