<?xml version="1.0" encoding="UTF-8"?>
<testng-results ignored="0" total="1" passed="1" failed="0" skipped="0">
  <reporter-output>
    <line>
      <![CDATA[Bajaj launched successfully]]>
    </line>
    <line>
      <![CDATA[Bajaj launched successfully]]>
    </line>
  </reporter-output>
  <suite started-at="2026-02-20T19:31:29 IST" name="Default suite" finished-at="2026-02-20T19:31:36 IST" duration-ms="7423">
    <groups>
    </groups>
    <test started-at="2026-02-20T19:31:29 IST" name="Default test" finished-at="2026-02-20T19:31:36 IST" duration-ms="7423">
      <class name="bikes.BajajTest">
        <test-method signature="launch()[pri:0, instance:bikes.BajajTest@8f4ea7c]" started-at="2026-02-20T19:31:29 IST" name="launch" finished-at="2026-02-20T19:31:36 IST" duration-ms="7369" status="PASS">
          <reporter-output>
            <line>
              <![CDATA[Bajaj launched successfully]]>
            </line>
            <line>
              <![CDATA[Bajaj launched successfully]]>
            </line>
          </reporter-output>
        </test-method> <!-- launch -->
      </class> <!-- bikes.BajajTest -->
    </test> <!-- Default test -->
  </suite> <!-- Default suite -->
</testng-results>
