<?xml version="1.0" encoding="UTF-8"?>
<testng-results ignored="0" total="1" passed="1" failed="0" skipped="0">
  <reporter-output>
    <line>
      <![CDATA[Bajaj launched successfully]]>
    </line>
  </reporter-output>
  <suite started-at="2026-02-21T17:51:12 IST" name="Default suite" finished-at="2026-02-21T17:51:14 IST" duration-ms="2386">
    <groups>
    </groups>
    <test started-at="2026-02-21T17:51:12 IST" name="Default test" finished-at="2026-02-21T17:51:14 IST" duration-ms="2386">
      <class name="bikes.Crm">
        <test-method signature="crm()[pri:0, instance:bikes.Crm@131774fe]" started-at="2026-02-21T17:51:12 IST" name="crm" finished-at="2026-02-21T17:51:14 IST" duration-ms="2352" status="PASS">
          <reporter-output>
            <line>
              <![CDATA[Bajaj launched successfully]]>
            </line>
          </reporter-output>
        </test-method> <!-- crm -->
      </class> <!-- bikes.Crm -->
    </test> <!-- Default test -->
  </suite> <!-- Default suite -->
</testng-results>
