<?xml version="1.0" encoding="UTF-8"?>
<testng-results ignored="0" total="8" passed="7" failed="1" skipped="0">
  <reporter-output>
    <line>
      <![CDATA[Bajaj launched successfully]]>
    </line>
    <line>
      <![CDATA[Kawasaki launched successfully]]>
    </line>
    <line>
      <![CDATA[Yamaha launched successfully]]>
    </line>
    <line>
      <![CDATA[Audi launched successfully]]>
    </line>
    <line>
      <![CDATA[Ferrari launched successfully]]>
    </line>
    <line>
      <![CDATA[Lamboghini launched successfully]]>
    </line>
    <line>
      <![CDATA[SampleTest class executed]]>
    </line>
    <line>
      <![CDATA[Modified in GitHub]]>
    </line>
  </reporter-output>
  <suite started-at="2026-02-22T12:34:12 IST" name="Surefire suite" finished-at="2026-02-22T12:34:56 IST" duration-ms="43996">
    <groups>
    </groups>
    <test started-at="2026-02-22T12:34:12 IST" name="Surefire test" finished-at="2026-02-22T12:34:56 IST" duration-ms="43996">
      <class name="cars.FerrariTest">
        <test-method signature="launch()[pri:0, instance:cars.FerrariTest@7219ec67]" started-at="2026-02-22T12:34:40 IST" name="launch" finished-at="2026-02-22T12:34:44 IST" duration-ms="3856" status="PASS">
          <reporter-output>
            <line>
              <![CDATA[Ferrari launched successfully]]>
            </line>
          </reporter-output>
        </test-method> <!-- launch -->
      </class> <!-- cars.FerrariTest -->
      <class name="cars.LamborghiniTest">
        <test-method signature="launch()[pri:0, instance:cars.LamborghiniTest@45018215]" started-at="2026-02-22T12:34:44 IST" name="launch" finished-at="2026-02-22T12:34:53 IST" duration-ms="9486" status="PASS">
          <reporter-output>
            <line>
              <![CDATA[Lamboghini launched successfully]]>
            </line>
          </reporter-output>
        </test-method> <!-- launch -->
      </class> <!-- cars.LamborghiniTest -->
      <class name="bikes.KawasakiTest">
        <test-method signature="launch()[pri:0, instance:bikes.KawasakiTest@12d4bf7e]" started-at="2026-02-22T12:34:17 IST" name="launch" finished-at="2026-02-22T12:34:22 IST" duration-ms="4632" status="PASS">
          <reporter-output>
            <line>
              <![CDATA[Kawasaki launched successfully]]>
            </line>
          </reporter-output>
        </test-method> <!-- launch -->
      </class> <!-- bikes.KawasakiTest -->
      <class name="bikes.BajajTest">
        <test-method signature="launch()[pri:0, instance:bikes.BajajTest@358ee631]" started-at="2026-02-22T12:34:12 IST" name="launch" finished-at="2026-02-22T12:34:17 IST" duration-ms="4958" status="PASS">
          <reporter-output>
            <line>
              <![CDATA[Bajaj launched successfully]]>
            </line>
          </reporter-output>
        </test-method> <!-- launch -->
      </class> <!-- bikes.BajajTest -->
      <class name="bikes.YamahaTest">
        <test-method signature="launch()[pri:0, instance:bikes.YamahaTest@4c1d9d4b]" started-at="2026-02-22T12:34:22 IST" name="launch" finished-at="2026-02-22T12:34:35 IST" duration-ms="13176" status="PASS">
          <reporter-output>
            <line>
              <![CDATA[Yamaha launched successfully]]>
            </line>
          </reporter-output>
        </test-method> <!-- launch -->
      </class> <!-- bikes.YamahaTest -->
      <class name="demo.MavenParameterTest">
        <test-method signature="launch()[pri:0, instance:demo.MavenParameterTest@65d6b83b]" started-at="2026-02-22T12:34:53 IST" name="launch" finished-at="2026-02-22T12:34:56 IST" duration-ms="2611" status="FAIL">
          <exception class="java.lang.NullPointerException">
            <full-stacktrace>
              <![CDATA[java.lang.NullPointerException
at java.base/java.util.Objects.requireNonNull(Objects.java:233)
at java.base/java.util.ImmutableCollections$Map1.<init>(ImmutableCollections.java:1112)
at java.base/java.util.Map.of(Map.java:1365)
at org.openqa.selenium.remote.DriverCommand.GET(DriverCommand.java:180)
at org.openqa.selenium.remote.RemoteWebDriver.get(RemoteWebDriver.java:301)
at demo.MavenParameterTest.launch(MavenParameterTest.java:23)
at java.base/jdk.internal.reflect.DirectMethodHandleAccessor.invoke(DirectMethodHandleAccessor.java:103)
at java.base/java.lang.reflect.Method.invoke(Method.java:580)
at org.testng.internal.invokers.MethodInvocationHelper.invokeMethod(MethodInvocationHelper.java:139)
at org.testng.internal.invokers.TestInvoker.invokeMethod(TestInvoker.java:677)
at org.testng.internal.invokers.TestInvoker.invokeTestMethod(TestInvoker.java:221)
at org.testng.internal.invokers.MethodRunner.runInSequence(MethodRunner.java:50)
at org.testng.internal.invokers.TestInvoker$MethodInvocationAgent.invoke(TestInvoker.java:969)
at org.testng.internal.invokers.TestInvoker.invokeTestMethods(TestInvoker.java:194)
at org.testng.internal.invokers.TestMethodWorker.invokeTestMethods(TestMethodWorker.java:148)
at org.testng.internal.invokers.TestMethodWorker.run(TestMethodWorker.java:128)
at java.base/java.util.ArrayList.forEach(ArrayList.java:1596)
at org.testng.TestRunner.privateRun(TestRunner.java:829)
at org.testng.TestRunner.run(TestRunner.java:602)
at org.testng.SuiteRunner.runTest(SuiteRunner.java:437)
at org.testng.SuiteRunner.runSequentially(SuiteRunner.java:431)
at org.testng.SuiteRunner.privateRun(SuiteRunner.java:391)
at org.testng.SuiteRunner.run(SuiteRunner.java:330)
at org.testng.SuiteRunnerWorker.runSuite(SuiteRunnerWorker.java:52)
at org.testng.SuiteRunnerWorker.run(SuiteRunnerWorker.java:95)
at org.testng.TestNG.runSuitesSequentially(TestNG.java:1256)
at org.testng.TestNG.runSuitesLocally(TestNG.java:1176)
at org.testng.TestNG.runSuites(TestNG.java:1099)
at org.testng.TestNG.run(TestNG.java:1067)
at org.apache.maven.surefire.testng.TestNGExecutor.run(TestNGExecutor.java:155)
at org.apache.maven.surefire.testng.TestNGDirectoryTestSuite.executeMulti(TestNGDirectoryTestSuite.java:169)
at org.apache.maven.surefire.testng.TestNGDirectoryTestSuite.execute(TestNGDirectoryTestSuite.java:88)
at org.apache.maven.surefire.testng.TestNGProvider.invoke(TestNGProvider.java:137)
at org.apache.maven.surefire.booter.ForkedBooter.runSuitesInProcess(ForkedBooter.java:385)
at org.apache.maven.surefire.booter.ForkedBooter.execute(ForkedBooter.java:162)
at org.apache.maven.surefire.booter.ForkedBooter.run(ForkedBooter.java:507)
at org.apache.maven.surefire.booter.ForkedBooter.main(ForkedBooter.java:495)
]]>
            </full-stacktrace>
          </exception> <!-- java.lang.NullPointerException -->
          <reporter-output>
          </reporter-output>
        </test-method> <!-- launch -->
      </class> <!-- demo.MavenParameterTest -->
      <class name="demo.SampleTest">
        <test-method signature="launch()[pri:0, instance:demo.SampleTest@d706f19]" started-at="2026-02-22T12:34:56 IST" name="launch" finished-at="2026-02-22T12:34:56 IST" duration-ms="2" status="PASS">
          <reporter-output>
            <line>
              <![CDATA[SampleTest class executed]]>
            </line>
            <line>
              <![CDATA[Modified in GitHub]]>
            </line>
          </reporter-output>
        </test-method> <!-- launch -->
      </class> <!-- demo.SampleTest -->
      <class name="cars.AudiTest">
        <test-method signature="launch()[pri:0, instance:cars.AudiTest@7b227d8d]" started-at="2026-02-22T12:34:35 IST" name="launch" finished-at="2026-02-22T12:34:40 IST" duration-ms="5243" status="PASS">
          <reporter-output>
            <line>
              <![CDATA[Audi launched successfully]]>
            </line>
          </reporter-output>
        </test-method> <!-- launch -->
      </class> <!-- cars.AudiTest -->
    </test> <!-- Surefire test -->
  </suite> <!-- Surefire suite -->
</testng-results>
